Created by PLY version 3.11 (http://www.dabeaz.com/ply)

Grammar

Rule 0     S' -> document
Rule 1     document -> DOC_START DOCNO_START DOCNO_CONTENT DOCNO_END TEXT DOC_END

Terminals, with rules where they appear

DOCNO_CONTENT        : 1
DOCNO_END            : 1
DOCNO_START          : 1
DOC_END              : 1
DOC_START            : 1
TEXT                 : 1
error                : 

Nonterminals, with rules where they appear

document             : 0

Parsing method: LALR

state 0

    (0) S' -> . document
    (1) document -> . DOC_START DOCNO_START DOCNO_CONTENT DOCNO_END TEXT DOC_END

    DOC_START       shift and go to state 2

    document                       shift and go to state 1

state 1

    (0) S' -> document .



state 2

    (1) document -> DOC_START . DOCNO_START DOCNO_CONTENT DOCNO_END TEXT DOC_END

    DOCNO_START     shift and go to state 3


state 3

    (1) document -> DOC_START DOCNO_START . DOCNO_CONTENT DOCNO_END TEXT DOC_END

    DOCNO_CONTENT   shift and go to state 4


state 4

    (1) document -> DOC_START DOCNO_START DOCNO_CONTENT . DOCNO_END TEXT DOC_END

    DOCNO_END       shift and go to state 5


state 5

    (1) document -> DOC_START DOCNO_START DOCNO_CONTENT DOCNO_END . TEXT DOC_END

    TEXT            shift and go to state 6


state 6

    (1) document -> DOC_START DOCNO_START DOCNO_CONTENT DOCNO_END TEXT . DOC_END

    DOC_END         shift and go to state 7


state 7

    (1) document -> DOC_START DOCNO_START DOCNO_CONTENT DOCNO_END TEXT DOC_END .

    $end            reduce using rule 1 (document -> DOC_START DOCNO_START DOCNO_CONTENT DOCNO_END TEXT DOC_END .)

